MyndVRCapstone/Library/Bee/Android/Prj/IL2CPP/Gradle/launcher/build/intermediates/manifest_merge_blame_file/release/manifest-merger-blame-release-report.txt
1<?xml version="1.0" encoding="utf-8"?>
2<manifest xmlns:android="http://schemas.android.com/apk/res/android"
3    package="com.DefaultCompany.MyndVRCapstone"
4    android:installLocation="preferExternal"
5    android:versionCode="1"
6    android:versionName="0.1" >
7
8    <uses-sdk
9        android:minSdkVersion="25"
9-->src\main\AndroidManifest.xml
10        android:targetSdkVersion="31" />
10-->src\main\AndroidManifest.xml
11
12    <supports-screens
12-->src\main\AndroidManifest.xml:4:3-163
13        android:anyDensity="true"
13-->src\main\AndroidManifest.xml:4:135-160
14        android:largeScreens="true"
14-->src\main\AndroidManifest.xml:4:78-105
15        android:normalScreens="true"
15-->src\main\AndroidManifest.xml:4:49-77
16        android:smallScreens="true"
16-->src\main\AndroidManifest.xml:4:21-48
17        android:xlargeScreens="true" />
17-->src\main\AndroidManifest.xml:4:106-134
18
19    <uses-permission android:name="android.permission.INTERNET" />
19-->[:unityLibrary] AndroidManifest.xml:10:5-67
19-->[:unityLibrary] AndroidManifest.xml:10:22-64
20
21    <uses-feature android:glEsVersion="0x00030002" />
21-->[:unityLibrary] AndroidManifest.xml:12:5-54
21-->[:unityLibrary] AndroidManifest.xml:12:19-51
22    <uses-feature
22-->[:unityLibrary] AndroidManifest.xml:13:5-15:36
23        android:name="android.hardware.touchscreen"
23-->[:unityLibrary] AndroidManifest.xml:14:9-52
24        android:required="false" />
24-->[:unityLibrary] AndroidManifest.xml:15:9-33
25    <uses-feature
25-->[:unityLibrary] AndroidManifest.xml:16:5-18:36
26        android:name="android.hardware.touchscreen.multitouch"
26-->[:unityLibrary] AndroidManifest.xml:17:9-63
27        android:required="false" />
27-->[:unityLibrary] AndroidManifest.xml:18:9-33
28    <uses-feature
28-->[:unityLibrary] AndroidManifest.xml:19:5-21:36
29        android:name="android.hardware.touchscreen.multitouch.distinct"
29-->[:unityLibrary] AndroidManifest.xml:20:9-72
30        android:required="false" />
30-->[:unityLibrary] AndroidManifest.xml:21:9-33
31
32    <uses-permission android:name="org.khronos.openxr.permission.OPENXR" />
32-->[:unityLibrary] AndroidManifest.xml:23:5-76
32-->[:unityLibrary] AndroidManifest.xml:23:22-73
33    <uses-permission android:name="org.khronos.openxr.permission.OPENXR_SYSTEM" />
33-->[:unityLibrary] AndroidManifest.xml:24:5-83
33-->[:unityLibrary] AndroidManifest.xml:24:22-80
34    <uses-permission android:name="org.khronos.openxr.permission.OPENXR" />
34-->[:unityLibrary] AndroidManifest.xml:23:5-76
34-->[:unityLibrary] AndroidManifest.xml:23:22-73
35    <uses-permission android:name="org.khronos.openxr.permission.OPENXR_SYSTEM" />
35-->[:unityLibrary] AndroidManifest.xml:24:5-83
35-->[:unityLibrary] AndroidManifest.xml:24:22-80
36    <uses-permission android:name="org.khronos.openxr.permission.OPENXR" />
36-->[:unityLibrary] AndroidManifest.xml:23:5-76
36-->[:unityLibrary] AndroidManifest.xml:23:22-73
37    <uses-permission android:name="org.khronos.openxr.permission.OPENXR_SYSTEM" />
37-->[:unityLibrary] AndroidManifest.xml:24:5-83
37-->[:unityLibrary] AndroidManifest.xml:24:22-80
38    <uses-permission android:name="org.khronos.openxr.permission.OPENXR" />
38-->[:unityLibrary] AndroidManifest.xml:23:5-76
38-->[:unityLibrary] AndroidManifest.xml:23:22-73
39    <uses-permission android:name="org.khronos.openxr.permission.OPENXR_SYSTEM" />
39-->[:unityLibrary] AndroidManifest.xml:24:5-83
39-->[:unityLibrary] AndroidManifest.xml:24:22-80
40    <uses-permission android:name="org.khronos.openxr.permission.OPENXR" />
40-->[:unityLibrary] AndroidManifest.xml:23:5-76
40-->[:unityLibrary] AndroidManifest.xml:23:22-73
41    <uses-permission android:name="org.khronos.openxr.permission.OPENXR_SYSTEM" />
41-->[:unityLibrary] AndroidManifest.xml:24:5-83
41-->[:unityLibrary] AndroidManifest.xml:24:22-80
42    <uses-permission android:name="org.khronos.openxr.permission.OPENXR" />
42-->[:unityLibrary] AndroidManifest.xml:23:5-76
42-->[:unityLibrary] AndroidManifest.xml:23:22-73
43    <uses-permission android:name="org.khronos.openxr.permission.OPENXR_SYSTEM" />
43-->[:unityLibrary] AndroidManifest.xml:24:5-83
43-->[:unityLibrary] AndroidManifest.xml:24:22-80
44    <uses-permission android:name="org.khronos.openxr.permission.OPENXR" />
44-->[:unityLibrary] AndroidManifest.xml:23:5-76
44-->[:unityLibrary] AndroidManifest.xml:23:22-73
45    <uses-permission android:name="org.khronos.openxr.permission.OPENXR_SYSTEM" />
45-->[:unityLibrary] AndroidManifest.xml:24:5-83
45-->[:unityLibrary] AndroidManifest.xml:24:22-80
46    <uses-permission android:name="org.khronos.openxr.permission.OPENXR" />
46-->[:unityLibrary] AndroidManifest.xml:23:5-76
46-->[:unityLibrary] AndroidManifest.xml:23:22-73
47    <uses-permission android:name="org.khronos.openxr.permission.OPENXR_SYSTEM" />
47-->[:unityLibrary] AndroidManifest.xml:24:5-83
47-->[:unityLibrary] AndroidManifest.xml:24:22-80
48    <uses-permission android:name="org.khronos.openxr.permission.OPENXR" />
48-->[:unityLibrary] AndroidManifest.xml:23:5-76
48-->[:unityLibrary] AndroidManifest.xml:23:22-73
49    <uses-permission android:name="org.khronos.openxr.permission.OPENXR_SYSTEM" />
49-->[:unityLibrary] AndroidManifest.xml:24:5-83
49-->[:unityLibrary] AndroidManifest.xml:24:22-80
50    <uses-permission android:name="org.khronos.openxr.permission.OPENXR" />
50-->[:unityLibrary] AndroidManifest.xml:23:5-76
50-->[:unityLibrary] AndroidManifest.xml:23:22-73
51    <uses-permission android:name="org.khronos.openxr.permission.OPENXR_SYSTEM" />
51-->[:unityLibrary] AndroidManifest.xml:24:5-83
51-->[:unityLibrary] AndroidManifest.xml:24:22-80
52    <uses-permission android:name="vive.wave.vr.oem.data.OEMDataRead" />
52-->[:wvr_unity_plugin_2022:] AndroidManifest.xml:9:5-73
52-->[:wvr_unity_plugin_2022:] AndroidManifest.xml:9:22-70
53    <uses-permission android:name="vive.wave.vr.oem.data.OEMDataWrite" />
53-->[:wvr_unity_plugin_2022:] AndroidManifest.xml:10:5-74
53-->[:wvr_unity_plugin_2022:] AndroidManifest.xml:10:22-71
54
55    <application
55-->src\main\AndroidManifest.xml:3:3-83
56        android:extractNativeLibs="true"
56-->[:unityLibrary] AndroidManifest.xml:45:9-41
57        android:icon="@mipmap/app_icon"
57-->src\main\AndroidManifest.xml:3:49-80
58        android:label="@string/app_name"
58-->src\main\AndroidManifest.xml:3:16-48
59        android:theme="@style/Theme.WaveVR.Black" >
59-->[:unityLibrary] AndroidManifest.xml:48:9-50
60        <meta-data
60-->[:unityLibrary] AndroidManifest.xml:50:9-52:33
61            android:name="unity.splash-mode"
61-->[:unityLibrary] AndroidManifest.xml:51:13-45
62            android:value="0" />
62-->[:unityLibrary] AndroidManifest.xml:52:13-30
63        <meta-data
63-->[:unityLibrary] AndroidManifest.xml:53:9-55:36
64            android:name="unity.splash-enable"
64-->[:unityLibrary] AndroidManifest.xml:54:13-47
65            android:value="True" />
65-->[:unityLibrary] AndroidManifest.xml:55:13-33
66        <meta-data
66-->[:unityLibrary] AndroidManifest.xml:56:9-58:36
67            android:name="unity.launch-fullscreen"
67-->[:unityLibrary] AndroidManifest.xml:57:13-51
68            android:value="True" />
68-->[:unityLibrary] AndroidManifest.xml:58:13-33
69        <meta-data
69-->[:unityLibrary] AndroidManifest.xml:59:9-61:37
70            android:name="unity.allow-resizable-window"
70-->[:unityLibrary] AndroidManifest.xml:60:13-56
71            android:value="False" />
71-->[:unityLibrary] AndroidManifest.xml:61:13-34
72        <meta-data
72-->[:unityLibrary] AndroidManifest.xml:62:9-64:50
73            android:name="notch.config"
73-->[:unityLibrary] AndroidManifest.xml:63:13-40
74            android:value="portrait|landscape" />
74-->[:unityLibrary] AndroidManifest.xml:64:13-47
75        <meta-data
75-->[:unityLibrary] AndroidManifest.xml:65:9-67:36
76            android:name="unity.auto-report-fully-drawn"
76-->[:unityLibrary] AndroidManifest.xml:66:13-57
77            android:value="true" />
77-->[:unityLibrary] AndroidManifest.xml:67:13-33
78
79        <activity
79-->[:unityLibrary] AndroidManifest.xml:69:9-106:20
80            android:name="com.htc.vr.unity.WVRUnityVRActivity"
80-->[:unityLibrary] AndroidManifest.xml:70:13-63
81            android:configChanges="mcc|mnc|locale|touchscreen|keyboard|keyboardHidden|navigation|orientation|screenLayout|uiMode|screenSize|smallestScreenSize|fontScale|layoutDirection|density"
81-->[:unityLibrary] AndroidManifest.xml:71:13-194
82            android:enableVrMode="@string/wvr_vr_mode_component"
82-->[:unityLibrary] AndroidManifest.xml:72:13-65
83            android:exported="true"
83-->[:unityLibrary] AndroidManifest.xml:73:13-36
84            android:hardwareAccelerated="false"
84-->[:unityLibrary] AndroidManifest.xml:74:13-48
85            android:label="@string/app_name"
85-->[:unityLibrary] AndroidManifest.xml:75:13-45
86            android:launchMode="singleTask"
86-->[:unityLibrary] AndroidManifest.xml:76:13-44
87            android:resizeableActivity="false"
87-->[:unityLibrary] AndroidManifest.xml:77:13-47
88            android:screenOrientation="landscape" >
88-->[:unityLibrary] AndroidManifest.xml:78:13-50
89            <intent-filter>
89-->[:unityLibrary] AndroidManifest.xml:79:13-95:29
90                <category android:name="android.intent.category.LAUNCHER" />
90-->[:unityLibrary] AndroidManifest.xml:80:17-77
90-->[:unityLibrary] AndroidManifest.xml:80:27-74
91                <category android:name="com.htc.intent.category.VRAPP" />
91-->[:unityLibrary] AndroidManifest.xml:81:17-74
91-->[:unityLibrary] AndroidManifest.xml:81:27-71
92
93                <action android:name="android.intent.action.MAIN" />
93-->[:unityLibrary] AndroidManifest.xml:83:17-69
93-->[:unityLibrary] AndroidManifest.xml:83:25-66
94
95                <category android:name="org.khronos.openxr.intent.category.IMMERSIVE_HMD" />
95-->[:unityLibrary] AndroidManifest.xml:85:17-93
95-->[:unityLibrary] AndroidManifest.xml:85:27-90
96                <category android:name="org.khronos.openxr.intent.category.IMMERSIVE_HMD" />
96-->[:unityLibrary] AndroidManifest.xml:85:17-93
96-->[:unityLibrary] AndroidManifest.xml:85:27-90
97                <category android:name="org.khronos.openxr.intent.category.IMMERSIVE_HMD" />
97-->[:unityLibrary] AndroidManifest.xml:85:17-93
97-->[:unityLibrary] AndroidManifest.xml:85:27-90
98                <category android:name="org.khronos.openxr.intent.category.IMMERSIVE_HMD" />
98-->[:unityLibrary] AndroidManifest.xml:85:17-93
98-->[:unityLibrary] AndroidManifest.xml:85:27-90
99                <category android:name="org.khronos.openxr.intent.category.IMMERSIVE_HMD" />
99-->[:unityLibrary] AndroidManifest.xml:85:17-93
99-->[:unityLibrary] AndroidManifest.xml:85:27-90
100                <category android:name="org.khronos.openxr.intent.category.IMMERSIVE_HMD" />
100-->[:unityLibrary] AndroidManifest.xml:85:17-93
100-->[:unityLibrary] AndroidManifest.xml:85:27-90
101                <category android:name="org.khronos.openxr.intent.category.IMMERSIVE_HMD" />
101-->[:unityLibrary] AndroidManifest.xml:85:17-93
101-->[:unityLibrary] AndroidManifest.xml:85:27-90
102                <category android:name="org.khronos.openxr.intent.category.IMMERSIVE_HMD" />
102-->[:unityLibrary] AndroidManifest.xml:85:17-93
102-->[:unityLibrary] AndroidManifest.xml:85:27-90
103                <category android:name="org.khronos.openxr.intent.category.IMMERSIVE_HMD" />
103-->[:unityLibrary] AndroidManifest.xml:85:17-93
103-->[:unityLibrary] AndroidManifest.xml:85:27-90
104                <category android:name="org.khronos.openxr.intent.category.IMMERSIVE_HMD" />
104-->[:unityLibrary] AndroidManifest.xml:85:17-93
104-->[:unityLibrary] AndroidManifest.xml:85:27-90
105            </intent-filter>
106
107            <meta-data
107-->[:unityLibrary] AndroidManifest.xml:97:13-99:40
108                android:name="unityplayer.UnityActivity"
108-->[:unityLibrary] AndroidManifest.xml:98:17-57
109                android:value="true" />
109-->[:unityLibrary] AndroidManifest.xml:99:17-37
110            <meta-data
110-->[:unityLibrary] AndroidManifest.xml:100:13-102:40
111                android:name="unityplayer.SkipPermissionsDialog"
111-->[:unityLibrary] AndroidManifest.xml:101:17-65
112                android:value="true" />
112-->[:unityLibrary] AndroidManifest.xml:102:17-37
113            <meta-data
113-->[:unityLibrary] AndroidManifest.xml:103:13-105:40
114                android:name="notch_support"
114-->[:unityLibrary] AndroidManifest.xml:104:17-45
115                android:value="true" />
115-->[:unityLibrary] AndroidManifest.xml:105:17-37
116        </activity>
117
118        <meta-data
118-->[:unityLibrary] AndroidManifest.xml:108:9-110:41
119            android:name="com.htc.ViveWaveAndroid.SdkVersion"
119-->[:unityLibrary] AndroidManifest.xml:109:13-62
120            android:value="5.3.1-r.2" />
120-->[:unityLibrary] AndroidManifest.xml:110:13-38
121        <meta-data
121-->[:unityLibrary] AndroidManifest.xml:111:9-113:42
122            android:name="com.htc.vr.content.UnityVersion"
122-->[:unityLibrary] AndroidManifest.xml:112:13-59
123            android:value="2022.3.0f1" />
123-->[:unityLibrary] AndroidManifest.xml:113:13-39
124        <meta-data
124-->[:unityLibrary] AndroidManifest.xml:108:9-110:41
125            android:name="com.htc.ViveWaveAndroid.SdkVersion"
125-->[:unityLibrary] AndroidManifest.xml:109:13-62
126            android:value="5.3.1-r.2" />
126-->[:unityLibrary] AndroidManifest.xml:110:13-38
127        <meta-data
127-->[:unityLibrary] AndroidManifest.xml:111:9-113:42
128            android:name="com.htc.vr.content.UnityVersion"
128-->[:unityLibrary] AndroidManifest.xml:112:13-59
129            android:value="2022.3.0f1" />
129-->[:unityLibrary] AndroidManifest.xml:113:13-39
130        <meta-data
130-->[:unityLibrary] AndroidManifest.xml:108:9-110:41
131            android:name="com.htc.ViveWaveAndroid.SdkVersion"
131-->[:unityLibrary] AndroidManifest.xml:109:13-62
132            android:value="5.3.1-r.2" />
132-->[:unityLibrary] AndroidManifest.xml:110:13-38
133        <meta-data
133-->[:unityLibrary] AndroidManifest.xml:111:9-113:42
134            android:name="com.htc.vr.content.UnityVersion"
134-->[:unityLibrary] AndroidManifest.xml:112:13-59
135            android:value="2022.3.0f1" />
135-->[:unityLibrary] AndroidManifest.xml:113:13-39
136        <meta-data
136-->[:unityLibrary] AndroidManifest.xml:108:9-110:41
137            android:name="com.htc.ViveWaveAndroid.SdkVersion"
137-->[:unityLibrary] AndroidManifest.xml:109:13-62
138            android:value="5.3.1-r.2" />
138-->[:unityLibrary] AndroidManifest.xml:110:13-38
139        <meta-data
139-->[:unityLibrary] AndroidManifest.xml:111:9-113:42
140            android:name="com.htc.vr.content.UnityVersion"
140-->[:unityLibrary] AndroidManifest.xml:112:13-59
141            android:value="2022.3.0f1" />
141-->[:unityLibrary] AndroidManifest.xml:113:13-39
142        <meta-data
142-->[:unityLibrary] AndroidManifest.xml:108:9-110:41
143            android:name="com.htc.ViveWaveAndroid.SdkVersion"
143-->[:unityLibrary] AndroidManifest.xml:109:13-62
144            android:value="5.3.1-r.2" />
144-->[:unityLibrary] AndroidManifest.xml:110:13-38
145        <meta-data
145-->[:unityLibrary] AndroidManifest.xml:111:9-113:42
146            android:name="com.htc.vr.content.UnityVersion"
146-->[:unityLibrary] AndroidManifest.xml:112:13-59
147            android:value="2022.3.0f1" />
147-->[:unityLibrary] AndroidManifest.xml:113:13-39
148        <meta-data
148-->[:unityLibrary] AndroidManifest.xml:108:9-110:41
149            android:name="com.htc.ViveWaveAndroid.SdkVersion"
149-->[:unityLibrary] AndroidManifest.xml:109:13-62
150            android:value="5.3.1-r.2" />
150-->[:unityLibrary] AndroidManifest.xml:110:13-38
151        <meta-data
151-->[:unityLibrary] AndroidManifest.xml:111:9-113:42
152            android:name="com.htc.vr.content.UnityVersion"
152-->[:unityLibrary] AndroidManifest.xml:112:13-59
153            android:value="2022.3.0f1" />
153-->[:unityLibrary] AndroidManifest.xml:113:13-39
154        <meta-data
154-->[:unityLibrary] AndroidManifest.xml:108:9-110:41
155            android:name="com.htc.ViveWaveAndroid.SdkVersion"
155-->[:unityLibrary] AndroidManifest.xml:109:13-62
156            android:value="5.3.1-r.2" />
156-->[:unityLibrary] AndroidManifest.xml:110:13-38
157        <meta-data
157-->[:unityLibrary] AndroidManifest.xml:111:9-113:42
158            android:name="com.htc.vr.content.UnityVersion"
158-->[:unityLibrary] AndroidManifest.xml:112:13-59
159            android:value="2022.3.0f1" />
159-->[:unityLibrary] AndroidManifest.xml:113:13-39
160        <meta-data
160-->[:unityLibrary] AndroidManifest.xml:108:9-110:41
161            android:name="com.htc.ViveWaveAndroid.SdkVersion"
161-->[:unityLibrary] AndroidManifest.xml:109:13-62
162            android:value="5.3.1-r.2" />
162-->[:unityLibrary] AndroidManifest.xml:110:13-38
163        <meta-data
163-->[:unityLibrary] AndroidManifest.xml:111:9-113:42
164            android:name="com.htc.vr.content.UnityVersion"
164-->[:unityLibrary] AndroidManifest.xml:112:13-59
165            android:value="2022.3.0f1" />
165-->[:unityLibrary] AndroidManifest.xml:113:13-39
166        <meta-data
166-->[:unityLibrary] AndroidManifest.xml:108:9-110:41
167            android:name="com.htc.ViveWaveAndroid.SdkVersion"
167-->[:unityLibrary] AndroidManifest.xml:109:13-62
168            android:value="5.3.1-r.2" />
168-->[:unityLibrary] AndroidManifest.xml:110:13-38
169        <meta-data
169-->[:unityLibrary] AndroidManifest.xml:111:9-113:42
170            android:name="com.htc.vr.content.UnityVersion"
170-->[:unityLibrary] AndroidManifest.xml:112:13-59
171            android:value="2022.3.0f1" />
171-->[:unityLibrary] AndroidManifest.xml:113:13-39
172        <meta-data
172-->[:unityLibrary] AndroidManifest.xml:108:9-110:41
173            android:name="com.htc.ViveWaveAndroid.SdkVersion"
173-->[:unityLibrary] AndroidManifest.xml:109:13-62
174            android:value="5.3.1-r.2" />
174-->[:unityLibrary] AndroidManifest.xml:110:13-38
175        <meta-data
175-->[:unityLibrary] AndroidManifest.xml:111:9-113:42
176            android:name="com.htc.vr.content.UnityVersion"
176-->[:unityLibrary] AndroidManifest.xml:112:13-59
177            android:value="2022.3.0f1" />
177-->[:unityLibrary] AndroidManifest.xml:113:13-39
178
179        <activity android:name="com.unity3d.player.UnityPlayerActivity" >
179-->[:unityLibrary:xrmanifest.androidlib] AndroidManifest.xml:10:9-11:20
179-->[:unityLibrary:xrmanifest.androidlib] AndroidManifest.xml:10:19-72
180        </activity>
181    </application>
182
183</manifest>